<?xml version="1.0" encoding="UTF-8"?>
<!-- Generated by org.testng.reporters.JUnitReportReporter -->
<testsuite hostname="DESKTOP-0HJJQ6S" failures="0" tests="1" name="Test.HomePageTest" time="13.892" errors="0" timestamp="2022-09-30T07:13:30 IST" skipped="0">
  <testcase classname="Test.HomePageTest" name="statusinfo" time="13.892"/>
  <system-out/>
</testsuite> <!-- Test.HomePageTest -->
