<?xml version="1.0" encoding="UTF-8"?>
<!-- Generated by org.testng.reporters.JUnitReportReporter -->
<testsuite hostname="DESKTOP-0HJJQ6S" failures="0" tests="1" name="Test.LoginPageTest" time="23.418" errors="0" timestamp="2022-09-23T20:16:26 IST" skipped="0">
  <testcase classname="Test.LoginPageTest" name="validLoginPagewithConfigDataTest" time="23.418"/>
  <system-out/>
</testsuite> <!-- Test.LoginPageTest -->
