<?xml version="1.0" encoding="UTF-8"?>
<!-- Generated by org.testng.reporters.JUnitReportReporter -->
<testsuite hostname="DESKTOP-0HJJQ6S" failures="0" tests="1" name="Test.MarketPlaceTest" time="20.261" errors="0" timestamp="2022-10-15T11:11:41 IST" skipped="0">
  <testcase classname="Test.MarketPlaceTest" name="Market" time="20.261"/>
  <system-out/>
</testsuite> <!-- Test.MarketPlaceTest -->
