<?xml version="1.0" encoding="UTF-8"?>
<!-- Generated by org.testng.reporters.JUnitReportReporter -->
<testsuite hostname="DESKTOP-0HJJQ6S" failures="0" tests="1" name="Test.LoginPageTest" time="20.130" errors="0" timestamp="2022-09-17T07:38:10 IST" skipped="0">
  <testcase classname="Test.LoginPageTest" name="validateInvalidLoginCred" time="20.130"/>
  <system-out/>
</testsuite> <!-- Test.LoginPageTest -->
