<?xml version="1.0" encoding="UTF-8"?>
<!-- Generated by org.testng.reporters.JUnitReportReporter -->
<testsuite hostname="DESKTOP-0HJJQ6S" failures="0" tests="2" name="Test.LoginPageTest" time="43.561" errors="0" timestamp="2022-09-28T09:18:41 IST" skipped="0">
  <testcase classname="Test.LoginPageTest" name="validLoginPagewithConfigDataTest" time="19.006"/>
  <system-out/>
  <testcase classname="Test.LoginPageTest" name="validLoginPageWithXlsxDataTest" time="24.555"/>
  <system-out/>
</testsuite> <!-- Test.LoginPageTest -->
