<?xml version="1.0" encoding="UTF-8"?>
<!-- Generated by org.testng.reporters.JUnitReportReporter -->
<testsuite hostname="DESKTOP-0HJJQ6S" failures="0" tests="1" name="Test.ProfilePageTest" time="28.789" errors="0" timestamp="2022-10-28T23:09:57 IST" skipped="0">
  <testcase classname="Test.ProfilePageTest" name="commentPost" time="28.789"/>
  <system-out/>
</testsuite> <!-- Test.ProfilePageTest -->
