<?xml version="1.0" encoding="UTF-8"?>
<!-- Generated by org.testng.reporters.JUnitReportReporter -->
<testsuite hostname="DESKTOP-0HJJQ6S" failures="0" tests="1" name="Test.Browser" time="3.301" errors="0" timestamp="2022-09-17T04:46:30 IST" skipped="0">
  <testcase classname="Test.Browser" name="Login" time="3.301"/>
  <system-out/>
</testsuite> <!-- Test.Browser -->
