<?xml version="1.0" encoding="UTF-8"?>
<!-- Generated by org.testng.reporters.JUnitReportReporter -->
<testsuite hostname="DESKTOP-0HJJQ6S" failures="0" tests="1" name="Test.Browser" time="1.582" errors="0" timestamp="2022-09-28T08:38:24 IST" skipped="0">
  <testcase classname="Test.Browser" name="Login" time="1.582"/>
  <system-out/>
</testsuite> <!-- Test.Browser -->
