<?xml version="1.0" encoding="UTF-8"?>
<!-- Generated by org.testng.reporters.JUnitReportReporter -->
<testsuite hostname="DESKTOP-0HJJQ6S" failures="0" tests="1" name="Test.FindFriendTest" time="19.654" errors="0" timestamp="2022-10-15T11:11:41 IST" skipped="0">
  <testcase classname="Test.FindFriendTest" name="FriendFindPost" time="19.654"/>
  <system-out/>
</testsuite> <!-- Test.FindFriendTest -->
