<?xml version="1.0" encoding="UTF-8"?>
<!-- Generated by org.testng.reporters.JUnitReportReporter -->
<testsuite hostname="DESKTOP-0HJJQ6S" failures="0" tests="1" name="Test.HomePageTest" time="32.447" errors="0" timestamp="2022-10-01T07:35:54 IST" skipped="0">
  <testcase classname="Test.HomePageTest" name="uploadVideoPost" time="32.447"/>
  <system-out/>
</testsuite> <!-- Test.HomePageTest -->
