<?xml version="1.0" encoding="UTF-8"?>
<!-- Generated by org.testng.reporters.JUnitReportReporter -->
<testsuite hostname="DESKTOP-0HJJQ6S" failures="0" tests="1" name="Test.ProfilePageTest" time="38.360" errors="0" timestamp="2022-09-22T08:19:05 IST" skipped="0">
  <testcase classname="Test.ProfilePageTest" name="UploadProfileImage" time="38.360"/>
  <system-out/>
</testsuite> <!-- Test.ProfilePageTest -->
