<?xml version="1.0" encoding="UTF-8"?>
<!-- Generated by org.testng.reporters.JUnitReportReporter -->
<testsuite hostname="DESKTOP-0HJJQ6S" failures="0" tests="3" name="Test.HomePageTest" time="131.230" errors="0" timestamp="2022-10-15T11:11:41 IST" skipped="0">
  <testcase classname="Test.HomePageTest" name="uploadImagePost" time="45.560"/>
  <system-out/>
  <testcase classname="Test.HomePageTest" name="uploadVideoPost" time="61.800"/>
  <system-out/>
  <testcase classname="Test.HomePageTest" name="statusinfo" time="23.870"/>
  <system-out/>
</testsuite> <!-- Test.HomePageTest -->
